Determining if the pthread_create exist failed with the following output:
Change Dir: /home/min/catkin_ws/build/CMakeFiles/CMakeTmp

Run Build Command:"/usr/bin/make" "cmTC_6610e/fast"
/usr/bin/make -f CMakeFiles/cmTC_6610e.dir/build.make CMakeFiles/cmTC_6610e.dir/build
make[1]: Entering directory '/home/min/catkin_ws/build/CMakeFiles/CMakeTmp'
Building C object CMakeFiles/cmTC_6610e.dir/CheckSymbolExists.c.o
/usr/bin/cc    -o CMakeFiles/cmTC_6610e.dir/CheckSymbolExists.c.o   -c /home/min/catkin_ws/build/CMakeFiles/CMakeTmp/CheckSymbolExists.c
Linking C executable cmTC_6610e
/usr/bin/cmake -E cmake_link_script CMakeFiles/cmTC_6610e.dir/link.txt --verbose=1
/usr/bin/cc      -rdynamic CMakeFiles/cmTC_6610e.dir/CheckSymbolExists.c.o  -o cmTC_6610e 
CMakeFiles/cmTC_6610e.dir/CheckSymbolExists.c.o: In function `main':
CheckSymbolExists.c:(.text+0x1b): undefined reference to `pthread_create'
collect2: error: ld returned 1 exit status
CMakeFiles/cmTC_6610e.dir/build.make:97: recipe for target 'cmTC_6610e' failed
make[1]: *** [cmTC_6610e] Error 1
make[1]: Leaving directory '/home/min/catkin_ws/build/CMakeFiles/CMakeTmp'
Makefile:126: recipe for target 'cmTC_6610e/fast' failed
make: *** [cmTC_6610e/fast] Error 2

File /home/min/catkin_ws/build/CMakeFiles/CMakeTmp/CheckSymbolExists.c:
/* */
#include <pthread.h>

int main(int argc, char** argv)
{
  (void)argv;
#ifndef pthread_create
  return ((int*)(&pthread_create))[argc];
#else
  (void)argc;
  return 0;
#endif
}

Determining if the function pthread_create exists in the pthreads failed with the following output:
Change Dir: /home/min/catkin_ws/build/CMakeFiles/CMakeTmp

Run Build Command:"/usr/bin/make" "cmTC_2b035/fast"
/usr/bin/make -f CMakeFiles/cmTC_2b035.dir/build.make CMakeFiles/cmTC_2b035.dir/build
make[1]: Entering directory '/home/min/catkin_ws/build/CMakeFiles/CMakeTmp'
Building C object CMakeFiles/cmTC_2b035.dir/CheckFunctionExists.c.o
/usr/bin/cc   -DCHECK_FUNCTION_EXISTS=pthread_create   -o CMakeFiles/cmTC_2b035.dir/CheckFunctionExists.c.o   -c /usr/share/cmake-3.10/Modules/CheckFunctionExists.c
Linking C executable cmTC_2b035
/usr/bin/cmake -E cmake_link_script CMakeFiles/cmTC_2b035.dir/link.txt --verbose=1
/usr/bin/cc  -DCHECK_FUNCTION_EXISTS=pthread_create    -rdynamic CMakeFiles/cmTC_2b035.dir/CheckFunctionExists.c.o  -o cmTC_2b035 -lpthreads 
/usr/bin/ld: cannot find -lpthreads
collect2: error: ld returned 1 exit status
CMakeFiles/cmTC_2b035.dir/build.make:97: recipe for target 'cmTC_2b035' failed
make[1]: *** [cmTC_2b035] Error 1
make[1]: Leaving directory '/home/min/catkin_ws/build/CMakeFiles/CMakeTmp'
Makefile:126: recipe for target 'cmTC_2b035/fast' failed
make: *** [cmTC_2b035/fast] Error 2


