Determining if the pthread_create exist failed with the following output:
Change Dir: /home/min/gpd_ws/build/CMakeFiles/CMakeTmp

Run Build Command:"/usr/bin/make" "cmTC_43521/fast"
/usr/bin/make -f CMakeFiles/cmTC_43521.dir/build.make CMakeFiles/cmTC_43521.dir/build
make[1]: 디렉터리 '/home/min/gpd_ws/build/CMakeFiles/CMakeTmp' 들어감
Building C object CMakeFiles/cmTC_43521.dir/CheckSymbolExists.c.o
/usr/bin/cc    -o CMakeFiles/cmTC_43521.dir/CheckSymbolExists.c.o   -c /home/min/gpd_ws/build/CMakeFiles/CMakeTmp/CheckSymbolExists.c
Linking C executable cmTC_43521
/usr/bin/cmake -E cmake_link_script CMakeFiles/cmTC_43521.dir/link.txt --verbose=1
/usr/bin/cc      -rdynamic CMakeFiles/cmTC_43521.dir/CheckSymbolExists.c.o  -o cmTC_43521 
CMakeFiles/cmTC_43521.dir/CheckSymbolExists.c.o: In function `main':
CheckSymbolExists.c:(.text+0x1b): undefined reference to `pthread_create'
collect2: error: ld returned 1 exit status
CMakeFiles/cmTC_43521.dir/build.make:97: recipe for target 'cmTC_43521' failed
make[1]: *** [cmTC_43521] Error 1
make[1]: 디렉터리 '/home/min/gpd_ws/build/CMakeFiles/CMakeTmp' 나감
Makefile:126: recipe for target 'cmTC_43521/fast' failed
make: *** [cmTC_43521/fast] Error 2

File /home/min/gpd_ws/build/CMakeFiles/CMakeTmp/CheckSymbolExists.c:
/* */
#include <pthread.h>

int main(int argc, char** argv)
{
  (void)argv;
#ifndef pthread_create
  return ((int*)(&pthread_create))[argc];
#else
  (void)argc;
  return 0;
#endif
}

Determining if the function pthread_create exists in the pthreads failed with the following output:
Change Dir: /home/min/gpd_ws/build/CMakeFiles/CMakeTmp

Run Build Command:"/usr/bin/make" "cmTC_0c2b9/fast"
/usr/bin/make -f CMakeFiles/cmTC_0c2b9.dir/build.make CMakeFiles/cmTC_0c2b9.dir/build
make[1]: 디렉터리 '/home/min/gpd_ws/build/CMakeFiles/CMakeTmp' 들어감
Building C object CMakeFiles/cmTC_0c2b9.dir/CheckFunctionExists.c.o
/usr/bin/cc   -DCHECK_FUNCTION_EXISTS=pthread_create   -o CMakeFiles/cmTC_0c2b9.dir/CheckFunctionExists.c.o   -c /usr/share/cmake-3.10/Modules/CheckFunctionExists.c
Linking C executable cmTC_0c2b9
/usr/bin/cmake -E cmake_link_script CMakeFiles/cmTC_0c2b9.dir/link.txt --verbose=1
/usr/bin/cc  -DCHECK_FUNCTION_EXISTS=pthread_create    -rdynamic CMakeFiles/cmTC_0c2b9.dir/CheckFunctionExists.c.o  -o cmTC_0c2b9 -lpthreads 
/usr/bin/ld: cannot find -lpthreads
collect2: error: ld returned 1 exit status
CMakeFiles/cmTC_0c2b9.dir/build.make:97: recipe for target 'cmTC_0c2b9' failed
make[1]: *** [cmTC_0c2b9] Error 1
make[1]: 디렉터리 '/home/min/gpd_ws/build/CMakeFiles/CMakeTmp' 나감
Makefile:126: recipe for target 'cmTC_0c2b9/fast' failed
make: *** [cmTC_0c2b9/fast] Error 2


