Determining if the pthread_create exist failed with the following output:
Change Dir: /home/min/tracker_ws/build/CMakeFiles/CMakeTmp

Run Build Command:"/usr/bin/make" "cmTC_25aef/fast"
/usr/bin/make -f CMakeFiles/cmTC_25aef.dir/build.make CMakeFiles/cmTC_25aef.dir/build
make[1]: 디렉터리 '/home/min/tracker_ws/build/CMakeFiles/CMakeTmp' 들어감
Building C object CMakeFiles/cmTC_25aef.dir/CheckSymbolExists.c.o
/usr/bin/cc    -o CMakeFiles/cmTC_25aef.dir/CheckSymbolExists.c.o   -c /home/min/tracker_ws/build/CMakeFiles/CMakeTmp/CheckSymbolExists.c
Linking C executable cmTC_25aef
/usr/bin/cmake -E cmake_link_script CMakeFiles/cmTC_25aef.dir/link.txt --verbose=1
/usr/bin/cc      -rdynamic CMakeFiles/cmTC_25aef.dir/CheckSymbolExists.c.o  -o cmTC_25aef 
CMakeFiles/cmTC_25aef.dir/CheckSymbolExists.c.o: In function `main':
CheckSymbolExists.c:(.text+0x1b): undefined reference to `pthread_create'
collect2: error: ld returned 1 exit status
CMakeFiles/cmTC_25aef.dir/build.make:97: recipe for target 'cmTC_25aef' failed
make[1]: *** [cmTC_25aef] Error 1
make[1]: 디렉터리 '/home/min/tracker_ws/build/CMakeFiles/CMakeTmp' 나감
Makefile:126: recipe for target 'cmTC_25aef/fast' failed
make: *** [cmTC_25aef/fast] Error 2

File /home/min/tracker_ws/build/CMakeFiles/CMakeTmp/CheckSymbolExists.c:
/* */
#include <pthread.h>

int main(int argc, char** argv)
{
  (void)argv;
#ifndef pthread_create
  return ((int*)(&pthread_create))[argc];
#else
  (void)argc;
  return 0;
#endif
}

Determining if the function pthread_create exists in the pthreads failed with the following output:
Change Dir: /home/min/tracker_ws/build/CMakeFiles/CMakeTmp

Run Build Command:"/usr/bin/make" "cmTC_b4b2e/fast"
/usr/bin/make -f CMakeFiles/cmTC_b4b2e.dir/build.make CMakeFiles/cmTC_b4b2e.dir/build
make[1]: 디렉터리 '/home/min/tracker_ws/build/CMakeFiles/CMakeTmp' 들어감
Building C object CMakeFiles/cmTC_b4b2e.dir/CheckFunctionExists.c.o
/usr/bin/cc   -DCHECK_FUNCTION_EXISTS=pthread_create   -o CMakeFiles/cmTC_b4b2e.dir/CheckFunctionExists.c.o   -c /usr/share/cmake-3.10/Modules/CheckFunctionExists.c
Linking C executable cmTC_b4b2e
/usr/bin/cmake -E cmake_link_script CMakeFiles/cmTC_b4b2e.dir/link.txt --verbose=1
/usr/bin/cc  -DCHECK_FUNCTION_EXISTS=pthread_create    -rdynamic CMakeFiles/cmTC_b4b2e.dir/CheckFunctionExists.c.o  -o cmTC_b4b2e -lpthreads 
/usr/bin/ld: cannot find -lpthreads
collect2: error: ld returned 1 exit status
CMakeFiles/cmTC_b4b2e.dir/build.make:97: recipe for target 'cmTC_b4b2e' failed
make[1]: *** [cmTC_b4b2e] Error 1
make[1]: 디렉터리 '/home/min/tracker_ws/build/CMakeFiles/CMakeTmp' 나감
Makefile:126: recipe for target 'cmTC_b4b2e/fast' failed
make: *** [cmTC_b4b2e/fast] Error 2


